0 info it worked if it ends with ok
1 verbose cli [ '/usr/bin/node', '/usr/bin/npm', 'publish' ]
2 info using npm@3.5.2
3 info using node@v8.10.0
4 verbose publish [ '.' ]
5 silly cache add args [ '.', null ]
6 verbose cache add spec .
7 silly cache add parsed spec Result {
7 silly cache add   raw: '.',
7 silly cache add   scope: null,
7 silly cache add   name: null,
7 silly cache add   rawSpec: '.',
7 silly cache add   spec: '/home/laboratoria-168/LABORATORIA/GDL003-md-links',
7 silly cache add   type: 'directory' }
8 verbose addLocalDirectory /home/laboratoria-168/.npm/md-links/0.1.0/package.tgz not in flight; packing
9 info lifecycle md-links@0.1.0~prepublish: md-links@0.1.0
10 silly lifecycle md-links@0.1.0~prepublish: no script for prepublish, continuing
11 verbose tar pack [ '/home/laboratoria-168/.npm/md-links/0.1.0/package.tgz',
11 verbose tar pack   '/home/laboratoria-168/LABORATORIA/GDL003-md-links' ]
12 verbose tarball /home/laboratoria-168/.npm/md-links/0.1.0/package.tgz
13 verbose folder /home/laboratoria-168/LABORATORIA/GDL003-md-links
14 verbose addLocalTarball adding from inside cache /home/laboratoria-168/.npm/md-links/0.1.0/package.tgz
15 silly cache afterAdd md-links@0.1.0
16 verbose afterAdd /home/laboratoria-168/.npm/md-links/0.1.0/package/package.json not in flight; writing
17 verbose afterAdd /home/laboratoria-168/.npm/md-links/0.1.0/package/package.json written
18 silly publish { name: 'md-links',
18 silly publish   version: '0.1.0',
18 silly publish   dependencies: { colors: '^1.3.3' },
18 silly publish   readme: 'Markdown es un lenguaje de marcado ligero muy popular entre developers.',
18 silly publish   readmeFilename: 'README.md',
18 silly publish   gitHead: '5821f0f90a34aeed612e27a8a1193152f205cac7',
18 silly publish   description: 'Markdown es un lenguaje de marcado ligero muy popular entre developers.',
18 silly publish   _id: 'md-links@0.1.0',
18 silly publish   scripts: {},
18 silly publish   _shasum: '8563fc0923cbaf83bdd7e9f2105d37d1acb92663',
18 silly publish   _from: '.' }
19 verbose getPublishConfig undefined
20 silly mapToRegistry name md-links
21 silly mapToRegistry using default registry
22 silly mapToRegistry registry https://registry.npmjs.org/
23 silly mapToRegistry uri https://registry.npmjs.org/md-links
24 verbose publish registryBase https://registry.npmjs.org/
25 silly publish uploading /home/laboratoria-168/.npm/md-links/0.1.0/package.tgz
26 verbose request uri https://registry.npmjs.org/md-links
27 verbose request sending authorization for write operation
28 info attempt registry request try #1 at 16:07:03
29 verbose request using bearer token for auth
30 verbose request id c383ba4651f27069
31 http request PUT https://registry.npmjs.org/md-links
32 http 403 https://registry.npmjs.org/md-links
33 verbose headers { date: 'Fri, 30 Aug 2019 21:07:06 GMT',
33 verbose headers   'content-type': 'application/json',
33 verbose headers   'transfer-encoding': 'chunked',
33 verbose headers   connection: 'keep-alive',
33 verbose headers   'set-cookie':
33 verbose headers    [ '__cfduid=d83df5a07b96e87635db9d2523133a48d1567199224; expires=Sat, 29-Aug-20 21:07:04 GMT; path=/; domain=.npmjs.org; HttpOnly' ],
33 verbose headers   'cf-ray': '50e9bb702a779a62-MFE',
33 verbose headers   'expect-ct': 'max-age=604800, report-uri="https://report-uri.cloudflare.com/cdn-cgi/beacon/expect-ct"',
33 verbose headers   vary: 'Accept-Encoding',
33 verbose headers   server: 'cloudflare',
33 verbose headers   'content-encoding': 'gzip' }
34 verbose request invalidating /home/laboratoria-168/.npm/registry.npmjs.org/md-links on PUT
35 error publish Failed PUT 403
36 verbose stack Error: You do not have permission to publish "md-links". Are you logged in as the correct user? : md-links
36 verbose stack     at makeError (/usr/share/npm/node_modules/npm-registry-client/lib/request.js:264:12)
36 verbose stack     at CachingRegistryClient.<anonymous> (/usr/share/npm/node_modules/npm-registry-client/lib/request.js:252:14)
36 verbose stack     at /usr/share/npm/node_modules/npm-registry-client/lib/request.js:178:7
36 verbose stack     at Gunzip.onEnd (zlib.js:131:5)
36 verbose stack     at emitNone (events.js:111:20)
36 verbose stack     at Gunzip.emit (events.js:208:7)
36 verbose stack     at endReadableNT (_stream_readable.js:1064:12)
36 verbose stack     at _combinedTickCallback (internal/process/next_tick.js:138:11)
36 verbose stack     at process._tickCallback (internal/process/next_tick.js:180:9)
37 verbose statusCode 403
38 verbose pkgid md-links
39 verbose cwd /home/laboratoria-168/LABORATORIA/GDL003-md-links
40 error Linux 4.15.0-54-generic
41 error argv "/usr/bin/node" "/usr/bin/npm" "publish"
42 error node v8.10.0
43 error npm  v3.5.2
44 error code E403
45 error You do not have permission to publish "md-links". Are you logged in as the correct user? : md-links
46 error If you need help, you may report this error at:
46 error     <https://github.com/npm/npm/issues>
47 verbose exit [ 1, true ]
